+ echo 'Beginning trial 1 of 2'
Beginning trial 1 of 2
+ docker exec -it minigo python -c '
import mlperf_log_utils
from mlperf_logging.mllog import constants
mlperf_log_utils.mlperf_submission_log(constants.MINIGO)'
:::MLLOG {"namespace": "", "time_ms": 1624523203806, "event_type": "POINT_IN_TIME", "key": "submission_benchmark", "value": "minigo", "metadata": {"file": "/opt/reinforcement/minigo/ml_perf/logger.py", "lineno": 27}}
:::MLLOG {"namespace": "", "time_ms": 1624523203821, "event_type": "POINT_IN_TIME", "key": "submission_org", "value": "NVIDIA", "metadata": {"file": "/opt/reinforcement/minigo/ml_perf/logger.py", "lineno": 27}}
:::MLLOG {"namespace": "", "time_ms": 1624523203821, "event_type": "POINT_IN_TIME", "key": "submission_division", "value": "closed", "metadata": {"file": "/opt/reinforcement/minigo/ml_perf/logger.py", "lineno": 27}}
:::MLLOG {"namespace": "", "time_ms": 1624523203821, "event_type": "POINT_IN_TIME", "key": "submission_status", "value": "onprem", "metadata": {"file": "/opt/reinforcement/minigo/ml_perf/logger.py", "lineno": 27}}
:::MLLOG {"namespace": "", "time_ms": 1624523203821, "event_type": "POINT_IN_TIME", "key": "submission_platform", "value": "1xSUBMISSION_PLATFORM_PLACEHOLDER", "metadata": {"file": "/opt/reinforcement/minigo/ml_perf/logger.py", "lineno": 27}}
+ '[' 1 -eq 1 ']'
+ sync
+ sudo /sbin/sysctl vm.drop_caches=3
vm.drop_caches = 3
+ docker exec -it minigo python -c '
from mlperf_logging.mllog import constants
from mlperf_log_utils import log_event
log_event(key=constants.CACHE_CLEAR, value=True)'
:::MLLOG {"namespace": "", "time_ms": 1624523206082, "event_type": "POINT_IN_TIME", "key": "cache_clear", "value": true, "metadata": {"file": "/opt/reinforcement/minigo/ml_perf/logger.py", "lineno": 27}}
+ export SEED=21762
+ SEED=21762
+ docker exec -it minigo bash -c 'DGXSYSTEM=is10 SLURM_NTASKS_PER_NODE=9                                                  mpirun --use-hwthread-cpus --allow-run-as-root -np 9 ./run_and_time.sh'
Run vars: id 000786 gpus 4 tasks/node 9 procs/gpu 2
Running benchmark REINFORCEMENT - Minigo
Run vars: id 000786 gpus 4 tasks/node 9 procs/gpu 2
Running benchmark REINFORCEMENT - Minigo
STARTING TIMING RUN AT 2021-06-24 08:26:46 AM
STARTING TIMING RUN AT 2021-06-24 08:26:46 AM
+ set -e
+ set -e
+ cd minigo
+ cd minigo
+ BASE_DIR=ml_perf/mpi-results/slurm-000786
+ CHECKPOINT_DIR=/data/mlperf07
+ TARGET_PATH=/data/target/target.minigo.tf
+ BASE_DIR=ml_perf/mpi-results/slurm-000786
+ python3 ./ml_perf/train_loop.py --board_size=19 --base_dir=ml_perf/mpi-results/slurm-000786 --flagfile=ml_perf/flags/19/train_loop.flags --checkpoint_dir=/data/mlperf07 --target_path=/data/target/target.minigo.tf --num_gpus_train=2 --ranks_per_node=9 --procs_per_gpu=2 --use_trt=1 --verbose=0 --selfplay_threads=6 --parallel_search=8 --parallel_inference=2 --concurrent_games_per_thread=32 --train_batch_size=4096 --suggested_games_per_iteration=8192 --iterations=70
+ CHECKPOINT_DIR=/data/mlperf07
+ TARGET_PATH=/data/target/target.minigo.tf
+ python3 ./ml_perf/train_loop.py --board_size=19 --base_dir=ml_perf/mpi-results/slurm-000786 --flagfile=ml_perf/flags/19/train_loop.flags --checkpoint_dir=/data/mlperf07 --target_path=/data/target/target.minigo.tf --num_gpus_train=2 --ranks_per_node=9 --procs_per_gpu=2 --use_trt=1 --verbose=0 --selfplay_threads=6 --parallel_search=8 --parallel_inference=2 --concurrent_games_per_thread=32 --train_batch_size=4096 --suggested_games_per_iteration=8192 --iterations=70
Run vars: id 000786 gpus 4 tasks/node 9 procs/gpu 2
Running benchmark REINFORCEMENT - Minigo
Run vars: id 000786 gpus 4 tasks/node 9 procs/gpu 2
Running benchmark REINFORCEMENT - Minigo
STARTING TIMING RUN AT 2021-06-24 08:26:46 AM
Run vars: id 000786 gpus 4 tasks/node 9 procs/gpu 2
Running benchmark REINFORCEMENT - Minigo
+ set -e
+ cd minigo
+ set -e
+ cd minigo
+ BASE_DIR=ml_perf/mpi-results/slurm-000786
STARTING TIMING RUN AT 2021-06-24 08:26:46 AM
+ BASE_DIR=ml_perf/mpi-results/slurm-000786
+ CHECKPOINT_DIR=/data/mlperf07
+ TARGET_PATH=/data/target/target.minigo.tf
+ CHECKPOINT_DIR=/data/mlperf07
+ TARGET_PATH=/data/target/target.minigo.tf
+ python3 ./ml_perf/train_loop.py --board_size=19 --base_dir=ml_perf/mpi-results/slurm-000786 --flagfile=ml_perf/flags/19/train_loop.flags --checkpoint_dir=/data/mlperf07 --target_path=/data/target/target.minigo.tf --num_gpus_train=2 --ranks_per_node=9 --procs_per_gpu=2 --use_trt=1 --verbose=0 --selfplay_threads=6 --parallel_search=8 --parallel_inference=2 --concurrent_games_per_thread=32 --train_batch_size=4096 --suggested_games_per_iteration=8192 --iterations=70
+ python3 ./ml_perf/train_loop.py --board_size=19 --base_dir=ml_perf/mpi-results/slurm-000786 --flagfile=ml_perf/flags/19/train_loop.flags --checkpoint_dir=/data/mlperf07 --target_path=/data/target/target.minigo.tf --num_gpus_train=2 --ranks_per_node=9 --procs_per_gpu=2 --use_trt=1 --verbose=0 --selfplay_threads=6 --parallel_search=8 --parallel_inference=2 --concurrent_games_per_thread=32 --train_batch_size=4096 --suggested_games_per_iteration=8192 --iterations=70
Run vars: id 000786 gpus 4 tasks/node 9 procs/gpu 2
Running benchmark REINFORCEMENT - Minigo
STARTING TIMING RUN AT 2021-06-24 08:26:46 AM
+ set -e
+ cd minigo
+ BASE_DIR=ml_perf/mpi-results/slurm-000786
+ CHECKPOINT_DIR=/data/mlperf07
+ TARGET_PATH=/data/target/target.minigo.tf
Run vars: id 000786 gpus 4 tasks/node 9 procs/gpu 2
+ python3 ./ml_perf/train_loop.py --board_size=19 --base_dir=ml_perf/mpi-results/slurm-000786 --flagfile=ml_perf/flags/19/train_loop.flags --checkpoint_dir=/data/mlperf07 --target_path=/data/target/target.minigo.tf --num_gpus_train=2 --ranks_per_node=9 --procs_per_gpu=2 --use_trt=1 --verbose=0 --selfplay_threads=6 --parallel_search=8 --parallel_inference=2 --concurrent_games_per_thread=32 --train_batch_size=4096 --suggested_games_per_iteration=8192 --iterations=70
Running benchmark REINFORCEMENT - Minigo
STARTING TIMING RUN AT 2021-06-24 08:26:46 AM
+ set -e
+ cd minigo
+ BASE_DIR=ml_perf/mpi-results/slurm-000786
+ CHECKPOINT_DIR=/data/mlperf07
+ TARGET_PATH=/data/target/target.minigo.tf
+ python3 ./ml_perf/train_loop.py --board_size=19 --base_dir=ml_perf/mpi-results/slurm-000786 --flagfile=ml_perf/flags/19/train_loop.flags --checkpoint_dir=/data/mlperf07 --target_path=/data/target/target.minigo.tf --num_gpus_train=2 --ranks_per_node=9 --procs_per_gpu=2 --use_trt=1 --verbose=0 --selfplay_threads=6 --parallel_search=8 --parallel_inference=2 --concurrent_games_per_thread=32 --train_batch_size=4096 --suggested_games_per_iteration=8192 --iterations=70
STARTING TIMING RUN AT 2021-06-24 08:26:46 AM
+ set -e
+ cd minigo
+ BASE_DIR=ml_perf/mpi-results/slurm-000786
+ CHECKPOINT_DIR=/data/mlperf07
+ TARGET_PATH=/data/target/target.minigo.tf
+ python3 ./ml_perf/train_loop.py --board_size=19 --base_dir=ml_perf/mpi-results/slurm-000786 --flagfile=ml_perf/flags/19/train_loop.flags --checkpoint_dir=/data/mlperf07 --target_path=/data/target/target.minigo.tf --num_gpus_train=2 --ranks_per_node=9 --procs_per_gpu=2 --use_trt=1 --verbose=0 --selfplay_threads=6 --parallel_search=8 --parallel_inference=2 --concurrent_games_per_thread=32 --train_batch_size=4096 --suggested_games_per_iteration=8192 --iterations=70
Run vars: id 000786 gpus 4 tasks/node 9 procs/gpu 2
Running benchmark REINFORCEMENT - Minigo
Run vars: id 000786 gpus 4 tasks/node 9 procs/gpu 2
Running benchmark REINFORCEMENT - Minigo
STARTING TIMING RUN AT 2021-06-24 08:26:46 AM
+ set -e
+ cd minigo
+ BASE_DIR=ml_perf/mpi-results/slurm-000786
+ CHECKPOINT_DIR=/data/mlperf07
+ TARGET_PATH=/data/target/target.minigo.tf
+ python3 ./ml_perf/train_loop.py --board_size=19 --base_dir=ml_perf/mpi-results/slurm-000786 --flagfile=ml_perf/flags/19/train_loop.flags --checkpoint_dir=/data/mlperf07 --target_path=/data/target/target.minigo.tf --num_gpus_train=2 --ranks_per_node=9 --procs_per_gpu=2 --use_trt=1 --verbose=0 --selfplay_threads=6 --parallel_search=8 --parallel_inference=2 --concurrent_games_per_thread=32 --train_batch_size=4096 --suggested_games_per_iteration=8192 --iterations=70
STARTING TIMING RUN AT 2021-06-24 08:26:46 AM
+ set -e
+ cd minigo
+ BASE_DIR=ml_perf/mpi-results/slurm-000786
+ CHECKPOINT_DIR=/data/mlperf07
+ TARGET_PATH=/data/target/target.minigo.tf
+ python3 ./ml_perf/train_loop.py --board_size=19 --base_dir=ml_perf/mpi-results/slurm-000786 --flagfile=ml_perf/flags/19/train_loop.flags --checkpoint_dir=/data/mlperf07 --target_path=/data/target/target.minigo.tf --num_gpus_train=2 --ranks_per_node=9 --procs_per_gpu=2 --use_trt=1 --verbose=0 --selfplay_threads=6 --parallel_search=8 --parallel_inference=2 --concurrent_games_per_thread=32 --train_batch_size=4096 --suggested_games_per_iteration=8192 --iterations=70
:::MLLOG {"namespace": "", "time_ms": 1624523210302, "event_type": "INTERVAL_START", "key": "init_start", "value": null, "metadata": {"file": "./ml_perf/logger.py", "lineno": 27}}
:::MLLOG {"namespace": "", "time_ms": 1624523325767, "event_type": "POINT_IN_TIME", "key": "lr_rates", "value": [0.016, 0.16, 0.016, 0.0016], "metadata": {"file": "./ml_perf/logger.py", "lineno": 27}}
:::MLLOG {"namespace": "", "time_ms": 1624523325768, "event_type": "POINT_IN_TIME", "key": "lr_boundaries", "value": [128, 10000, 20000], "metadata": {"file": "./ml_perf/logger.py", "lineno": 27}}
:::MLLOG {"namespace": "", "time_ms": 1624523325768, "event_type": "POINT_IN_TIME", "key": "train_batch_size", "value": 4096, "metadata": {"file": "./ml_perf/logger.py", "lineno": 27}}
:::MLLOG {"namespace": "", "time_ms": 1624523325768, "event_type": "POINT_IN_TIME", "key": "virtual_losses", "value": 4, "metadata": {"file": "./ml_perf/logger.py", "lineno": 27}}
:::MLLOG {"namespace": "", "time_ms": 1624523325768, "event_type": "POINT_IN_TIME", "key": "seed", "value": 0, "metadata": {"file": "./ml_perf/logger.py", "lineno": 27}}
:::MLLOG {"namespace": "", "time_ms": 1624523325768, "event_type": "POINT_IN_TIME", "key": "opt_weight_decay", "value": 0.0001, "metadata": {"file": "./ml_perf/logger.py", "lineno": 27}}
:::MLLOG {"namespace": "", "time_ms": 1624523325768, "event_type": "POINT_IN_TIME", "key": "filter_amount", "value": 0.3, "metadata": {"file": "./ml_perf/logger.py", "lineno": 27}}
:::MLLOG {"namespace": "", "time_ms": 1624523325769, "event_type": "POINT_IN_TIME", "key": "num_readouts", "value": 800, "metadata": {"file": "./ml_perf/logger.py", "lineno": 27}}
:::MLLOG {"namespace": "", "time_ms": 1624523325769, "event_type": "POINT_IN_TIME", "key": "value_init_penalty", "value": 0.2, "metadata": {"file": "./ml_perf/logger.py", "lineno": 27}}
:::MLLOG {"namespace": "", "time_ms": 1624523325769, "event_type": "POINT_IN_TIME", "key": "holdout_pct", "value": 0.0, "metadata": {"file": "./ml_perf/logger.py", "lineno": 27}}
:::MLLOG {"namespace": "", "time_ms": 1624523325769, "event_type": "POINT_IN_TIME", "key": "disable_resign_pct", "value": 0.0, "metadata": {"file": "./ml_perf/logger.py", "lineno": 27}}
:::MLLOG {"namespace": "", "time_ms": 1624523325769, "event_type": "POINT_IN_TIME", "key": "resign_threshold", "value": -0.999, "metadata": {"file": "./ml_perf/logger.py", "lineno": 27}}
:::MLLOG {"namespace": "", "time_ms": 1624523325769, "event_type": "POINT_IN_TIME", "key": "virtual_losses", "value": 4, "metadata": {"file": "./ml_perf/logger.py", "lineno": 27}}
:::MLLOG {"namespace": "", "time_ms": 1624523325769, "event_type": "POINT_IN_TIME", "key": "min_selfplay_games_per_generation", "value": 8192, "metadata": {"file": "./ml_perf/logger.py", "lineno": 27}}
:::MLLOG {"namespace": "", "time_ms": 1624523325770, "event_type": "POINT_IN_TIME", "key": "value_init_penalty", "value": 0.2, "metadata": {"file": "./ml_perf/logger.py", "lineno": 27}}
:::MLLOG {"namespace": "", "time_ms": 1624523325770, "event_type": "POINT_IN_TIME", "key": "window_size", "value": 5, "metadata": {"file": "./ml_perf/logger.py", "lineno": 27}}
:::MLLOG {"namespace": "", "time_ms": 1624523325770, "event_type": "POINT_IN_TIME", "key": "eval_games", "value": 256, "metadata": {"file": "./ml_perf/logger.py", "lineno": 27}}
:::MLLOG {"namespace": "", "time_ms": 1624523329890, "event_type": "INTERVAL_END", "key": "init_stop", "value": null, "metadata": {"file": "./ml_perf/logger.py", "lineno": 27}}
:::MLLOG {"namespace": "", "time_ms": 1624523329891, "event_type": "INTERVAL_START", "key": "run_start", "value": null, "metadata": {"file": "./ml_perf/logger.py", "lineno": 27}}
:::MLLOG {"namespace": "", "time_ms": 1624523329892, "event_type": "INTERVAL_START", "key": "epoch_start", "value": null, "metadata": {"file": "./ml_perf/logger.py", "lineno": 27, "epoch_num": 18}}
:::MLLOG {"namespace": "", "time_ms": 1624523330180, "event_type": "POINT_IN_TIME", "key": "actual_selfplay_games_per_generation", "value": 9240, "metadata": {"file": "./ml_perf/logger.py", "lineno": 27, "epoch_num": 18}}
:::MLLOG {"namespace": "", "time_ms": 1624523330181, "event_type": "POINT_IN_TIME", "key": "actual_selfplay_games_per_generation", "value": 9236, "metadata": {"file": "./ml_perf/logger.py", "lineno": 27, "epoch_num": 18}}
:::MLLOG {"namespace": "", "time_ms": 1624523330181, "event_type": "POINT_IN_TIME", "key": "actual_selfplay_games_per_generation", "value": 9258, "metadata": {"file": "./ml_perf/logger.py", "lineno": 27, "epoch_num": 18}}
:::MLLOG {"namespace": "", "time_ms": 1624523330181, "event_type": "POINT_IN_TIME", "key": "actual_selfplay_games_per_generation", "value": 9261, "metadata": {"file": "./ml_perf/logger.py", "lineno": 27, "epoch_num": 18}}
:::MLLOG {"namespace": "", "time_ms": 1624523330181, "event_type": "POINT_IN_TIME", "key": "actual_selfplay_games_per_generation", "value": 9212, "metadata": {"file": "./ml_perf/logger.py", "lineno": 27, "epoch_num": 18}}
:::MLLOG {"namespace": "", "time_ms": 1624523485732, "event_type": "POINT_IN_TIME", "key": "save_model", "value": {"iteration": 18}, "metadata": {"file": "./ml_perf/logger.py", "lineno": 27}}
:::MLLOG {"namespace": "", "time_ms": 1624523485743, "event_type": "INTERVAL_END", "key": "epoch_stop", "value": null, "metadata": {"file": "./ml_perf/logger.py", "lineno": 27, "epoch_num": 18}}
:::MLLOG {"namespace": "", "time_ms": 1624523485744, "event_type": "INTERVAL_START", "key": "epoch_start", "value": null, "metadata": {"file": "./ml_perf/logger.py", "lineno": 27, "epoch_num": 19}}
:::MLLOG {"namespace": "", "time_ms": 1624532284887, "event_type": "POINT_IN_TIME", "key": "actual_selfplay_games_per_generation", "value": 8193, "metadata": {"file": "./ml_perf/logger.py", "lineno": 27, "epoch_num": 19}}
:::MLLOG {"namespace": "", "time_ms": 1624532284891, "event_type": "POINT_IN_TIME", "key": "actual_selfplay_games_per_generation", "value": 9240, "metadata": {"file": "./ml_perf/logger.py", "lineno": 27, "epoch_num": 19}}
:::MLLOG {"namespace": "", "time_ms": 1624532284891, "event_type": "POINT_IN_TIME", "key": "actual_selfplay_games_per_generation", "value": 9236, "metadata": {"file": "./ml_perf/logger.py", "lineno": 27, "epoch_num": 19}}
:::MLLOG {"namespace": "", "time_ms": 1624532284892, "event_type": "POINT_IN_TIME", "key": "actual_selfplay_games_per_generation", "value": 9258, "metadata": {"file": "./ml_perf/logger.py", "lineno": 27, "epoch_num": 19}}
:::MLLOG {"namespace": "", "time_ms": 1624532284892, "event_type": "POINT_IN_TIME", "key": "actual_selfplay_games_per_generation", "value": 9261, "metadata": {"file": "./ml_perf/logger.py", "lineno": 27, "epoch_num": 19}}
:::MLLOG {"namespace": "", "time_ms": 1624532599231, "event_type": "POINT_IN_TIME", "key": "save_model", "value": {"iteration": 19}, "metadata": {"file": "./ml_perf/logger.py", "lineno": 27}}
:::MLLOG {"namespace": "", "time_ms": 1624532599259, "event_type": "INTERVAL_END", "key": "epoch_stop", "value": null, "metadata": {"file": "./ml_perf/logger.py", "lineno": 27, "epoch_num": 19}}
:::MLLOG {"namespace": "", "time_ms": 1624532599259, "event_type": "INTERVAL_START", "key": "epoch_start", "value": null, "metadata": {"file": "./ml_perf/logger.py", "lineno": 27, "epoch_num": 20}}
:::MLLOG {"namespace": "", "time_ms": 1624540599059, "event_type": "POINT_IN_TIME", "key": "actual_selfplay_games_per_generation", "value": 8195, "metadata": {"file": "./ml_perf/logger.py", "lineno": 27, "epoch_num": 20}}
:::MLLOG {"namespace": "", "time_ms": 1624540599060, "event_type": "POINT_IN_TIME", "key": "actual_selfplay_games_per_generation", "value": 8461, "metadata": {"file": "./ml_perf/logger.py", "lineno": 27, "epoch_num": 20}}
:::MLLOG {"namespace": "", "time_ms": 1624540599060, "event_type": "POINT_IN_TIME", "key": "actual_selfplay_games_per_generation", "value": 9240, "metadata": {"file": "./ml_perf/logger.py", "lineno": 27, "epoch_num": 20}}
:::MLLOG {"namespace": "", "time_ms": 1624540599060, "event_type": "POINT_IN_TIME", "key": "actual_selfplay_games_per_generation", "value": 9236, "metadata": {"file": "./ml_perf/logger.py", "lineno": 27, "epoch_num": 20}}
:::MLLOG {"namespace": "", "time_ms": 1624540599061, "event_type": "POINT_IN_TIME", "key": "actual_selfplay_games_per_generation", "value": 9258, "metadata": {"file": "./ml_perf/logger.py", "lineno": 27, "epoch_num": 20}}
:::MLLOG {"namespace": "", "time_ms": 1624540899941, "event_type": "POINT_IN_TIME", "key": "save_model", "value": {"iteration": 20}, "metadata": {"file": "./ml_perf/logger.py", "lineno": 27}}
:::MLLOG {"namespace": "", "time_ms": 1624540899965, "event_type": "INTERVAL_END", "key": "epoch_stop", "value": null, "metadata": {"file": "./ml_perf/logger.py", "lineno": 27, "epoch_num": 20}}
:::MLLOG {"namespace": "", "time_ms": 1624540899966, "event_type": "INTERVAL_START", "key": "epoch_start", "value": null, "metadata": {"file": "./ml_perf/logger.py", "lineno": 27, "epoch_num": 21}}
:::MLLOG {"namespace": "", "time_ms": 1624548676289, "event_type": "POINT_IN_TIME", "key": "actual_selfplay_games_per_generation", "value": 8192, "metadata": {"file": "./ml_perf/logger.py", "lineno": 27, "epoch_num": 21}}
:::MLLOG {"namespace": "", "time_ms": 1624548676290, "event_type": "POINT_IN_TIME", "key": "actual_selfplay_games_per_generation", "value": 8479, "metadata": {"file": "./ml_perf/logger.py", "lineno": 27, "epoch_num": 21}}
:::MLLOG {"namespace": "", "time_ms": 1624548676290, "event_type": "POINT_IN_TIME", "key": "actual_selfplay_games_per_generation", "value": 8461, "metadata": {"file": "./ml_perf/logger.py", "lineno": 27, "epoch_num": 21}}
:::MLLOG {"namespace": "", "time_ms": 1624548676290, "event_type": "POINT_IN_TIME", "key": "actual_selfplay_games_per_generation", "value": 9240, "metadata": {"file": "./ml_perf/logger.py", "lineno": 27, "epoch_num": 21}}
:::MLLOG {"namespace": "", "time_ms": 1624548676290, "event_type": "POINT_IN_TIME", "key": "actual_selfplay_games_per_generation", "value": 9236, "metadata": {"file": "./ml_perf/logger.py", "lineno": 27, "epoch_num": 21}}
:::MLLOG {"namespace": "", "time_ms": 1624548980252, "event_type": "POINT_IN_TIME", "key": "save_model", "value": {"iteration": 21}, "metadata": {"file": "./ml_perf/logger.py", "lineno": 27}}
:::MLLOG {"namespace": "", "time_ms": 1624548980274, "event_type": "INTERVAL_END", "key": "epoch_stop", "value": null, "metadata": {"file": "./ml_perf/logger.py", "lineno": 27, "epoch_num": 21}}
:::MLLOG {"namespace": "", "time_ms": 1624548980274, "event_type": "INTERVAL_START", "key": "epoch_start", "value": null, "metadata": {"file": "./ml_perf/logger.py", "lineno": 27, "epoch_num": 22}}
:::MLLOG {"namespace": "", "time_ms": 1624557142638, "event_type": "POINT_IN_TIME", "key": "actual_selfplay_games_per_generation", "value": 8192, "metadata": {"file": "./ml_perf/logger.py", "lineno": 27, "epoch_num": 22}}
:::MLLOG {"namespace": "", "time_ms": 1624557142638, "event_type": "POINT_IN_TIME", "key": "actual_selfplay_games_per_generation", "value": 8464, "metadata": {"file": "./ml_perf/logger.py", "lineno": 27, "epoch_num": 22}}
:::MLLOG {"namespace": "", "time_ms": 1624557142638, "event_type": "POINT_IN_TIME", "key": "actual_selfplay_games_per_generation", "value": 8479, "metadata": {"file": "./ml_perf/logger.py", "lineno": 27, "epoch_num": 22}}
:::MLLOG {"namespace": "", "time_ms": 1624557142639, "event_type": "POINT_IN_TIME", "key": "actual_selfplay_games_per_generation", "value": 8461, "metadata": {"file": "./ml_perf/logger.py", "lineno": 27, "epoch_num": 22}}
:::MLLOG {"namespace": "", "time_ms": 1624557142639, "event_type": "POINT_IN_TIME", "key": "actual_selfplay_games_per_generation", "value": 9240, "metadata": {"file": "./ml_perf/logger.py", "lineno": 27, "epoch_num": 22}}
:::MLLOG {"namespace": "", "time_ms": 1624557446874, "event_type": "POINT_IN_TIME", "key": "save_model", "value": {"iteration": 22}, "metadata": {"file": "./ml_perf/logger.py", "lineno": 27}}
:::MLLOG {"namespace": "", "time_ms": 1624557446891, "event_type": "INTERVAL_END", "key": "epoch_stop", "value": null, "metadata": {"file": "./ml_perf/logger.py", "lineno": 27, "epoch_num": 22}}
:::MLLOG {"namespace": "", "time_ms": 1624557446891, "event_type": "INTERVAL_START", "key": "epoch_start", "value": null, "metadata": {"file": "./ml_perf/logger.py", "lineno": 27, "epoch_num": 23}}
:::MLLOG {"namespace": "", "time_ms": 1624564878311, "event_type": "POINT_IN_TIME", "key": "actual_selfplay_games_per_generation", "value": 8195, "metadata": {"file": "./ml_perf/logger.py", "lineno": 27, "epoch_num": 23}}
:::MLLOG {"namespace": "", "time_ms": 1624564878311, "event_type": "POINT_IN_TIME", "key": "actual_selfplay_games_per_generation", "value": 8483, "metadata": {"file": "./ml_perf/logger.py", "lineno": 27, "epoch_num": 23}}
:::MLLOG {"namespace": "", "time_ms": 1624564878312, "event_type": "POINT_IN_TIME", "key": "actual_selfplay_games_per_generation", "value": 8464, "metadata": {"file": "./ml_perf/logger.py", "lineno": 27, "epoch_num": 23}}
:::MLLOG {"namespace": "", "time_ms": 1624564878312, "event_type": "POINT_IN_TIME", "key": "actual_selfplay_games_per_generation", "value": 8479, "metadata": {"file": "./ml_perf/logger.py", "lineno": 27, "epoch_num": 23}}
:::MLLOG {"namespace": "", "time_ms": 1624564878313, "event_type": "POINT_IN_TIME", "key": "actual_selfplay_games_per_generation", "value": 8461, "metadata": {"file": "./ml_perf/logger.py", "lineno": 27, "epoch_num": 23}}
:::MLLOG {"namespace": "", "time_ms": 1624565175420, "event_type": "POINT_IN_TIME", "key": "save_model", "value": {"iteration": 23}, "metadata": {"file": "./ml_perf/logger.py", "lineno": 27}}
:::MLLOG {"namespace": "", "time_ms": 1624565175443, "event_type": "INTERVAL_END", "key": "epoch_stop", "value": null, "metadata": {"file": "./ml_perf/logger.py", "lineno": 27, "epoch_num": 23}}
:::MLLOG {"namespace": "", "time_ms": 1624565175444, "event_type": "INTERVAL_START", "key": "epoch_start", "value": null, "metadata": {"file": "./ml_perf/logger.py", "lineno": 27, "epoch_num": 24}}
:::MLLOG {"namespace": "", "time_ms": 1624572551139, "event_type": "POINT_IN_TIME", "key": "actual_selfplay_games_per_generation", "value": 8193, "metadata": {"file": "./ml_perf/logger.py", "lineno": 27, "epoch_num": 24}}
:::MLLOG {"namespace": "", "time_ms": 1624572551140, "event_type": "POINT_IN_TIME", "key": "actual_selfplay_games_per_generation", "value": 8453, "metadata": {"file": "./ml_perf/logger.py", "lineno": 27, "epoch_num": 24}}
:::MLLOG {"namespace": "", "time_ms": 1624572551140, "event_type": "POINT_IN_TIME", "key": "actual_selfplay_games_per_generation", "value": 8483, "metadata": {"file": "./ml_perf/logger.py", "lineno": 27, "epoch_num": 24}}
:::MLLOG {"namespace": "", "time_ms": 1624572551140, "event_type": "POINT_IN_TIME", "key": "actual_selfplay_games_per_generation", "value": 8464, "metadata": {"file": "./ml_perf/logger.py", "lineno": 27, "epoch_num": 24}}
:::MLLOG {"namespace": "", "time_ms": 1624572551141, "event_type": "POINT_IN_TIME", "key": "actual_selfplay_games_per_generation", "value": 8479, "metadata": {"file": "./ml_perf/logger.py", "lineno": 27, "epoch_num": 24}}
:::MLLOG {"namespace": "", "time_ms": 1624572843639, "event_type": "POINT_IN_TIME", "key": "save_model", "value": {"iteration": 24}, "metadata": {"file": "./ml_perf/logger.py", "lineno": 27}}
:::MLLOG {"namespace": "", "time_ms": 1624572843652, "event_type": "INTERVAL_END", "key": "epoch_stop", "value": null, "metadata": {"file": "./ml_perf/logger.py", "lineno": 27, "epoch_num": 24}}
:::MLLOG {"namespace": "", "time_ms": 1624572843652, "event_type": "INTERVAL_START", "key": "epoch_start", "value": null, "metadata": {"file": "./ml_perf/logger.py", "lineno": 27, "epoch_num": 25}}
:::MLLOG {"namespace": "", "time_ms": 1624580528057, "event_type": "POINT_IN_TIME", "key": "actual_selfplay_games_per_generation", "value": 8193, "metadata": {"file": "./ml_perf/logger.py", "lineno": 27, "epoch_num": 25}}
:::MLLOG {"namespace": "", "time_ms": 1624580528058, "event_type": "POINT_IN_TIME", "key": "actual_selfplay_games_per_generation", "value": 8478, "metadata": {"file": "./ml_perf/logger.py", "lineno": 27, "epoch_num": 25}}
:::MLLOG {"namespace": "", "time_ms": 1624580528058, "event_type": "POINT_IN_TIME", "key": "actual_selfplay_games_per_generation", "value": 8453, "metadata": {"file": "./ml_perf/logger.py", "lineno": 27, "epoch_num": 25}}
:::MLLOG {"namespace": "", "time_ms": 1624580528058, "event_type": "POINT_IN_TIME", "key": "actual_selfplay_games_per_generation", "value": 8483, "metadata": {"file": "./ml_perf/logger.py", "lineno": 27, "epoch_num": 25}}
:::MLLOG {"namespace": "", "time_ms": 1624580528060, "event_type": "POINT_IN_TIME", "key": "actual_selfplay_games_per_generation", "value": 8464, "metadata": {"file": "./ml_perf/logger.py", "lineno": 27, "epoch_num": 25}}
:::MLLOG {"namespace": "", "time_ms": 1624580821905, "event_type": "POINT_IN_TIME", "key": "save_model", "value": {"iteration": 25}, "metadata": {"file": "./ml_perf/logger.py", "lineno": 27}}
:::MLLOG {"namespace": "", "time_ms": 1624580821919, "event_type": "INTERVAL_END", "key": "epoch_stop", "value": null, "metadata": {"file": "./ml_perf/logger.py", "lineno": 27, "epoch_num": 25}}
:::MLLOG {"namespace": "", "time_ms": 1624580821921, "event_type": "INTERVAL_START", "key": "epoch_start", "value": null, "metadata": {"file": "./ml_perf/logger.py", "lineno": 27, "epoch_num": 26}}
^X^C